    1  git checkout -b BR_Q2
    2  cp CODE/plant.py Work/Q2/
    3  sudo apt-get install -y python3-pip
    4  pip3 install matplotlib
    5  cd Work/Q2/
    6  python3 plant.py
    7  mkdir -p Diagrams_1
    8  mv *.png Diagrams_1/
    9  now=$(date +"%Y%m%d_%H%M")
   10  tar -czf diagrams_1_${now}.tar.gz Diagrams_1
   11  mv diagrams_1_${now}.tar.gz ../../BACKUPS/
   12  cd ~/COURSE_LINUX_PROJECT
   13  git add .
   14  git commit -m "Q2: basic plant.py run, archived diagrams"
   15  git checkout master
   16  git merge BR_Q2
   17  git push
   18  git checkout BR_Q2
   19  git push --set-upstream origin BR_Q2
   20  pip3 uninstall -y matplotlib
   21  cd Work/Q2/
   22  pip3 install -r requirements.txt
   23  python3 plant_plots.py   --plant "Sunflower"   --height 45 50 55 60   --leaf_count 15 18 20 24   --dry_weight 2.0 2.3 2.5 3.0
   24  mkdir -p Diagrams_2
   25  mv *.png Diagrams_2/
   26  when=$(date +"%Y%m%d_%H%M")
   27  tar -czf diagrams_2_${when}.tar.gz Diagrams_2
   28  mv diagrams_2_${when}.tar.gz ../../BACKUPS/
   29  history > linux_history_q2.log
