    1  cd ~
    2  mkdir -p COURSE_LINUX_PROJECT/{DOWNLOADS,CODE,DATA,BACKUPS,Work/{Q1,Q2,Q3,Q4}}
    3  cd ~/COURSE_LINUX_PROJECT
    4  git init
    5  curl -# -O https://github.com/Telhai-Git/LINUX_COURSE_WORK/archive/refs/tags/downloads.tar.gz
    6  tar --extract --file=downloads.tar.gz --gzip --directory=DOWNLOADS
    7  curl -# -O https://github.com/Telhai-Git/LINUX_COURSE_WORK/archive/refs/tags/downloads.tar.gz
    8  wget https://github.com/Telhai-Git/LINUX_COURSE_WORK/archive/refs/tags/downloads.tar.gz
    9  tar -xzf downloads.tar.gz -C DOWNLOADS
   10  git add .
   11  git commit -m "Q1: Base structure and initial download"
   12  rm downloads.tar.gz
   13  git checkout -b BR_Q1
   14  cp -v DOWNLOADS/LINUX_COURSE_WORK-downloads/*.py CODE/
   15  find DOWNLOADS/LINUX_COURSE_WORK-downloads/ -maxdepth 1 -type f \( -name "*.csv" -o -name "*.jpg" -o -name "*.txt" \) -exec cp {} DATA/ \;
   16  sudo apt-get update -qq
   17  sudo apt-get install -y tree
   18  cat <<HERE > Work/Q1/q1_output.txt
Time: $(date)
USER DETAILS: $(grep "^$USER" /etc/passwd)
REPO: $(pwd)
GithubUrl: https://github.com/hossen-hossen
/COURSE_LINUX_PROJECT.git 
VERSIONID: $(grep ^VERSION_ID= /etc/os-release | cut -d'=' -f2)

------------------------
# Tree listing of the repository:
$(tree .)

------------------------
All .sh files in home:
$(find ~ -type f -name "*.sh")
HERE

   19  git add .
   20  git commit -m "Q1: Organized code, data, plus q1_output.txt"
   21  git checkout main
   22  git checkout master
   23  git merge BR_Q1
   24  git log > all_q1_commits.log
   25  git log > git_commits.log
   26  history > Work/Q1/linux_history_q1.log
