=== Q4 Script Start ===
Auto-detected CSV: plants.csv
Using existing virtual env: /home/ubuntu/plant_venv_v2
Activating venv...
Installing from ../Q2/requirements.txt
Requirement already satisfied: matplotlib in /home/ubuntu/plant_venv_v2/lib/python3.10/site-packages (from -r ../Q2/requirements.txt (line 1)) (3.10.1)
Requirement already satisfied: packaging>=20.0 in /home/ubuntu/plant_venv_v2/lib/python3.10/site-packages (from matplotlib->-r ../Q2/requirements.txt (line 1)) (24.2)
Requirement already satisfied: kiwisolver>=1.3.1 in /home/ubuntu/plant_venv_v2/lib/python3.10/site-packages (from matplotlib->-r ../Q2/requirements.txt (line 1)) (1.4.8)
Requirement already satisfied: python-dateutil>=2.7 in /home/ubuntu/plant_venv_v2/lib/python3.10/site-packages (from matplotlib->-r ../Q2/requirements.txt (line 1)) (2.9.0.post0)
Requirement already satisfied: pyparsing>=2.3.1 in /home/ubuntu/plant_venv_v2/lib/python3.10/site-packages (from matplotlib->-r ../Q2/requirements.txt (line 1)) (3.2.1)
Requirement already satisfied: fonttools>=4.22.0 in /home/ubuntu/plant_venv_v2/lib/python3.10/site-packages (from matplotlib->-r ../Q2/requirements.txt (line 1)) (4.56.0)
Requirement already satisfied: numpy>=1.23 in /home/ubuntu/plant_venv_v2/lib/python3.10/site-packages (from matplotlib->-r ../Q2/requirements.txt (line 1)) (2.2.3)
Requirement already satisfied: cycler>=0.10 in /home/ubuntu/plant_venv_v2/lib/python3.10/site-packages (from matplotlib->-r ../Q2/requirements.txt (line 1)) (0.12.1)
Requirement already satisfied: contourpy>=1.0.1 in /home/ubuntu/plant_venv_v2/lib/python3.10/site-packages (from matplotlib->-r ../Q2/requirements.txt (line 1)) (1.3.1)
Requirement already satisfied: pillow>=8 in /home/ubuntu/plant_venv_v2/lib/python3.10/site-packages (from matplotlib->-r ../Q2/requirements.txt (line 1)) (11.1.0)
Requirement already satisfied: six>=1.5 in /home/ubuntu/plant_venv_v2/lib/python3.10/site-packages (from python-dateutil>=2.7->matplotlib->-r ../Q2/requirements.txt (line 1)) (1.17.0)
Processing CSV: plants.csv
Running Q2 script for Rose
Plant: Rose
Heights: [50.0, 55.0, 60.0, 65.0, 70.0]
Leaf counts: [35.0, 40.0, 45.0, 50.0, 55.0]
Dry weights: [2.0, 2.2, 2.5, 2.7, 3.0]
Plots succeeded for Rose
Running Q2 script for Tulip
Plant: Tulip
Heights: [30.0, 35.0, 40.0, 42.0]
Leaf counts: [12.0, 15.0, 18.0, 20.0]
Dry weights: [1.5, 1.6, 1.7, 1.8]
Plots succeeded for Tulip
Running Q2 script for Sunflower
Plant: Sunflower
Heights: [120.0, 125.0, 130.0, 135.0]
Leaf counts: [50.0, 55.0, 60.0, 65.0]
Dry weights: [5.0, 5.5, 6.0, 6.5]
Plots succeeded for Sunflower
Running Q2 script for Daffodil
Plant: Daffodil
Heights: [40.0, 45.0, 50.0, 55.0]
Leaf counts: [15.0, 18.0, 20.0, 22.0]
Dry weights: [1.8, 2.0, 2.2, 2.5]
Plots succeeded for Daffodil
Running Q2 script for Lily
Plant: Lily
Heights: [60.0, 65.0, 70.0]
Leaf counts: [20.0, 22.0, 24.0]
Dry weights: [2.5, 2.7, 3.0]
Plots succeeded for Lily
Archived plots_q4_20250311_1958.tar.gz to BACKUPS
=== Q4 Script End ===
